{"total": {"lines":{"total":8370,"covered":2285,"skipped":0,"pct":27.29},"statements":{"total":8370,"covered":2285,"skipped":0,"pct":27.29},"functions":{"total":255,"covered":181,"skipped":0,"pct":70.98},"branches":{"total":1023,"covered":715,"skipped":0,"pct":69.89},"branchesTrue":{"total":0,"covered":0,"skipped":0,"pct":100}}
,"C:\\Users\\Ahmed\\Downloads\\BelatedElasticLoop\\artifacts\\ecg-insight\\components\\ecg\\viewer\\aiOverlayTypes.ts": {"lines":{"total":37,"covered":37,"skipped":0,"pct":100},"functions":{"total":0,"covered":0,"skipped":0,"pct":100},"statements":{"total":37,"covered":37,"skipped":0,"pct":100},"branches":{"total":0,"covered":0,"skipped":0,"pct":100}}
,"C:\\Users\\Ahmed\\Downloads\\BelatedElasticLoop\\artifacts\\ecg-insight\\components\\ecg\\viewer\\ecgAiOverlayEngine.ts": {"lines":{"total":508,"covered":122,"skipped":0,"pct":24.01},"functions":{"total":27,"covered":12,"skipped":0,"pct":44.44},"statements":{"total":508,"covered":122,"skipped":0,"pct":24.01},"branches":{"total":57,"covered":48,"skipped":0,"pct":84.21}}
,"C:\\Users\\Ahmed\\Downloads\\BelatedElasticLoop\\artifacts\\ecg-insight\\components\\ecg\\viewer\\ecgCalibrationMath.ts": {"lines":{"total":188,"covered":84,"skipped":0,"pct":44.68},"functions":{"total":21,"covered":11,"skipped":0,"pct":52.38},"statements":{"total":188,"covered":84,"skipped":0,"pct":44.68},"branches":{"total":43,"covered":24,"skipped":0,"pct":55.81}}
,"C:\\Users\\Ahmed\\Downloads\\BelatedElasticLoop\\artifacts\\ecg-insight\\components\\ecg\\viewer\\ecgCaliperGeometry.ts": {"lines":{"total":59,"covered":50,"skipped":0,"pct":84.74},"functions":{"total":6,"covered":6,"skipped":0,"pct":100},"statements":{"total":59,"covered":50,"skipped":0,"pct":84.74},"branches":{"total":32,"covered":20,"skipped":0,"pct":62.5}}
,"C:\\Users\\Ahmed\\Downloads\\BelatedElasticLoop\\artifacts\\ecg-insight\\components\\ecg\\viewer\\ecgCockpitColors.ts": {"lines":{"total":15,"covered":0,"skipped":0,"pct":0},"functions":{"total":1,"covered":1,"skipped":0,"pct":100},"statements":{"total":15,"covered":0,"skipped":0,"pct":0},"branches":{"total":1,"covered":1,"skipped":0,"pct":100}}
,"C:\\Users\\Ahmed\\Downloads\\BelatedElasticLoop\\artifacts\\ecg-insight\\components\\ecg\\viewer\\ecgDigitizedWaveformSync.ts": {"lines":{"total":59,"covered":0,"skipped":0,"pct":0},"functions":{"total":1,"covered":1,"skipped":0,"pct":100},"statements":{"total":59,"covered":0,"skipped":0,"pct":0},"branches":{"total":1,"covered":1,"skipped":0,"pct":100}}
,"C:\\Users\\Ahmed\\Downloads\\BelatedElasticLoop\\artifacts\\ecg-insight\\components\\ecg\\viewer\\ecgEnterpriseDesignTokens.ts": {"lines":{"total":43,"covered":0,"skipped":0,"pct":0},"functions":{"total":1,"covered":1,"skipped":0,"pct":100},"statements":{"total":43,"covered":0,"skipped":0,"pct":0},"branches":{"total":1,"covered":1,"skipped":0,"pct":100}}
,"C:\\Users\\Ahmed\\Downloads\\BelatedElasticLoop\\artifacts\\ecg-insight\\components\\ecg\\viewer\\ecgImageEngine.ts": {"lines":{"total":134,"covered":126,"skipped":0,"pct":94.02},"functions":{"total":13,"covered":13,"skipped":0,"pct":100},"statements":{"total":134,"covered":126,"skipped":0,"pct":94.02},"branches":{"total":53,"covered":40,"skipped":0,"pct":75.47}}
,"C:\\Users\\Ahmed\\Downloads\\BelatedElasticLoop\\artifacts\\ecg-insight\\components\\ecg\\viewer\\ecgLiveMeasurements.ts": {"lines":{"total":65,"covered":0,"skipped":0,"pct":0},"functions":{"total":1,"covered":0,"skipped":0,"pct":0},"statements":{"total":65,"covered":0,"skipped":0,"pct":0},"branches":{"total":1,"covered":0,"skipped":0,"pct":0}}
,"C:\\Users\\Ahmed\\Downloads\\BelatedElasticLoop\\artifacts\\ecg-insight\\components\\ecg\\viewer\\ecgLiveMonitorTokens.ts": {"lines":{"total":19,"covered":0,"skipped":0,"pct":0},"functions":{"total":1,"covered":1,"skipped":0,"pct":100},"statements":{"total":19,"covered":0,"skipped":0,"pct":0},"branches":{"total":1,"covered":1,"skipped":0,"pct":100}}
,"C:\\Users\\Ahmed\\Downloads\\BelatedElasticLoop\\artifacts\\ecg-insight\\components\\ecg\\viewer\\ecgMeasurementEngine.ts": {"lines":{"total":370,"covered":215,"skipped":0,"pct":58.1},"functions":{"total":15,"covered":8,"skipped":0,"pct":53.33},"statements":{"total":370,"covered":215,"skipped":0,"pct":58.1},"branches":{"total":51,"covered":22,"skipped":0,"pct":43.13}}
,"C:\\Users\\Ahmed\\Downloads\\BelatedElasticLoop\\artifacts\\ecg-insight\\components\\ecg\\viewer\\ecgMeasurementExport.ts": {"lines":{"total":58,"covered":58,"skipped":0,"pct":100},"functions":{"total":2,"covered":2,"skipped":0,"pct":100},"statements":{"total":58,"covered":58,"skipped":0,"pct":100},"branches":{"total":12,"covered":11,"skipped":0,"pct":91.66}}
,"C:\\Users\\Ahmed\\Downloads\\BelatedElasticLoop\\artifacts\\ecg-insight\\components\\ecg\\viewer\\ecgMeasurementHistory.ts": {"lines":{"total":53,"covered":50,"skipped":0,"pct":94.33},"functions":{"total":6,"covered":6,"skipped":0,"pct":100},"statements":{"total":53,"covered":50,"skipped":0,"pct":94.33},"branches":{"total":21,"covered":13,"skipped":0,"pct":61.9}}
,"C:\\Users\\Ahmed\\Downloads\\BelatedElasticLoop\\artifacts\\ecg-insight\\components\\ecg\\viewer\\ecgMeasurementReference.ts": {"lines":{"total":70,"covered":55,"skipped":0,"pct":78.57},"functions":{"total":2,"covered":2,"skipped":0,"pct":100},"statements":{"total":70,"covered":55,"skipped":0,"pct":78.57},"branches":{"total":22,"covered":19,"skipped":0,"pct":86.36}}
,"C:\\Users\\Ahmed\\Downloads\\BelatedElasticLoop\\artifacts\\ecg-insight\\components\\ecg\\viewer\\ecgMonitorBeatMarkers.ts": {"lines":{"total":75,"covered":75,"skipped":0,"pct":100},"functions":{"total":4,"covered":4,"skipped":0,"pct":100},"statements":{"total":75,"covered":75,"skipped":0,"pct":100},"branches":{"total":33,"covered":24,"skipped":0,"pct":72.72}}
,"C:\\Users\\Ahmed\\Downloads\\BelatedElasticLoop\\artifacts\\ecg-insight\\components\\ecg\\viewer\\ecgMonitorCanvas.ts": {"lines":{"total":204,"covered":0,"skipped":0,"pct":0},"functions":{"total":1,"covered":1,"skipped":0,"pct":100},"statements":{"total":204,"covered":0,"skipped":0,"pct":0},"branches":{"total":1,"covered":1,"skipped":0,"pct":100}}
,"C:\\Users\\Ahmed\\Downloads\\BelatedElasticLoop\\artifacts\\ecg-insight\\components\\ecg\\viewer\\ecgMonitorPath.ts": {"lines":{"total":44,"covered":44,"skipped":0,"pct":100},"functions":{"total":5,"covered":5,"skipped":0,"pct":100},"statements":{"total":44,"covered":44,"skipped":0,"pct":100},"branches":{"total":16,"covered":14,"skipped":0,"pct":87.5}}
,"C:\\Users\\Ahmed\\Downloads\\BelatedElasticLoop\\artifacts\\ecg-insight\\components\\ecg\\viewer\\ecgMonitorRoute.ts": {"lines":{"total":18,"covered":18,"skipped":0,"pct":100},"functions":{"total":2,"covered":2,"skipped":0,"pct":100},"statements":{"total":18,"covered":18,"skipped":0,"pct":100},"branches":{"total":21,"covered":16,"skipped":0,"pct":76.19}}
,"C:\\Users\\Ahmed\\Downloads\\BelatedElasticLoop\\artifacts\\ecg-insight\\components\\ecg\\viewer\\ecgMultiLeadSync.ts": {"lines":{"total":60,"covered":60,"skipped":0,"pct":100},"functions":{"total":4,"covered":4,"skipped":0,"pct":100},"statements":{"total":60,"covered":60,"skipped":0,"pct":100},"branches":{"total":9,"covered":8,"skipped":0,"pct":88.88}}
,"C:\\Users\\Ahmed\\Downloads\\BelatedElasticLoop\\artifacts\\ecg-insight\\components\\ecg\\viewer\\ecgNativeId.ts": {"lines":{"total":9,"covered":0,"skipped":0,"pct":0},"functions":{"total":1,"covered":0,"skipped":0,"pct":0},"statements":{"total":9,"covered":0,"skipped":0,"pct":0},"branches":{"total":1,"covered":0,"skipped":0,"pct":0}}
,"C:\\Users\\Ahmed\\Downloads\\BelatedElasticLoop\\artifacts\\ecg-insight\\components\\ecg\\viewer\\ecgSpacingTokens.ts": {"lines":{"total":14,"covered":0,"skipped":0,"pct":0},"functions":{"total":1,"covered":1,"skipped":0,"pct":100},"statements":{"total":14,"covered":0,"skipped":0,"pct":0},"branches":{"total":1,"covered":1,"skipped":0,"pct":100}}
,"C:\\Users\\Ahmed\\Downloads\\BelatedElasticLoop\\artifacts\\ecg-insight\\components\\ecg\\viewer\\ecgViewerEngine.ts": {"lines":{"total":49,"covered":0,"skipped":0,"pct":0},"functions":{"total":1,"covered":1,"skipped":0,"pct":100},"statements":{"total":49,"covered":0,"skipped":0,"pct":0},"branches":{"total":1,"covered":1,"skipped":0,"pct":100}}
,"C:\\Users\\Ahmed\\Downloads\\BelatedElasticLoop\\artifacts\\ecg-insight\\components\\ecg\\viewer\\ecgViewerExport.ts": {"lines":{"total":19,"covered":0,"skipped":0,"pct":0},"functions":{"total":1,"covered":0,"skipped":0,"pct":0},"statements":{"total":19,"covered":0,"skipped":0,"pct":0},"branches":{"total":1,"covered":0,"skipped":0,"pct":0}}
,"C:\\Users\\Ahmed\\Downloads\\BelatedElasticLoop\\artifacts\\ecg-insight\\components\\ecg\\viewer\\ecgWaveDetectionBridge.ts": {"lines":{"total":186,"covered":51,"skipped":0,"pct":27.41},"functions":{"total":8,"covered":2,"skipped":0,"pct":25},"statements":{"total":186,"covered":51,"skipped":0,"pct":27.41},"branches":{"total":4,"covered":2,"skipped":0,"pct":50}}
,"C:\\Users\\Ahmed\\Downloads\\BelatedElasticLoop\\artifacts\\ecg-insight\\components\\ecg\\viewer\\ecgWorkstationVisualTokens.ts": {"lines":{"total":28,"covered":0,"skipped":0,"pct":0},"functions":{"total":1,"covered":1,"skipped":0,"pct":100},"statements":{"total":28,"covered":0,"skipped":0,"pct":0},"branches":{"total":1,"covered":1,"skipped":0,"pct":100}}
,"C:\\Users\\Ahmed\\Downloads\\BelatedElasticLoop\\artifacts\\ecg-insight\\components\\ecg\\viewer\\measurementTypes.ts": {"lines":{"total":73,"covered":73,"skipped":0,"pct":100},"functions":{"total":2,"covered":2,"skipped":0,"pct":100},"statements":{"total":73,"covered":73,"skipped":0,"pct":100},"branches":{"total":28,"covered":26,"skipped":0,"pct":92.85}}
,"C:\\Users\\Ahmed\\Downloads\\BelatedElasticLoop\\artifacts\\ecg-insight\\components\\ecg\\viewer\\useAuthenticatedEcgAsset.ts": {"lines":{"total":105,"covered":0,"skipped":0,"pct":0},"functions":{"total":1,"covered":0,"skipped":0,"pct":0},"statements":{"total":105,"covered":0,"skipped":0,"pct":0},"branches":{"total":1,"covered":0,"skipped":0,"pct":0}}
,"C:\\Users\\Ahmed\\Downloads\\BelatedElasticLoop\\artifacts\\ecg-insight\\components\\ecg\\viewer\\useClinicalWorkflowEngine.ts": {"lines":{"total":65,"covered":0,"skipped":0,"pct":0},"functions":{"total":1,"covered":0,"skipped":0,"pct":0},"statements":{"total":65,"covered":0,"skipped":0,"pct":0},"branches":{"total":1,"covered":0,"skipped":0,"pct":0}}
,"C:\\Users\\Ahmed\\Downloads\\BelatedElasticLoop\\artifacts\\ecg-insight\\components\\ecg\\viewer\\useEcgAiOverlayWorkspace.ts": {"lines":{"total":262,"covered":0,"skipped":0,"pct":0},"functions":{"total":1,"covered":0,"skipped":0,"pct":0},"statements":{"total":262,"covered":0,"skipped":0,"pct":0},"branches":{"total":1,"covered":0,"skipped":0,"pct":0}}
,"C:\\Users\\Ahmed\\Downloads\\BelatedElasticLoop\\artifacts\\ecg-insight\\components\\ecg\\viewer\\useEcgClinicalFindings.ts": {"lines":{"total":72,"covered":0,"skipped":0,"pct":0},"functions":{"total":1,"covered":0,"skipped":0,"pct":0},"statements":{"total":72,"covered":0,"skipped":0,"pct":0},"branches":{"total":1,"covered":0,"skipped":0,"pct":0}}
,"C:\\Users\\Ahmed\\Downloads\\BelatedElasticLoop\\artifacts\\ecg-insight\\components\\ecg\\viewer\\useEcgDiagnosticMode.ts": {"lines":{"total":65,"covered":0,"skipped":0,"pct":0},"functions":{"total":1,"covered":0,"skipped":0,"pct":0},"statements":{"total":65,"covered":0,"skipped":0,"pct":0},"branches":{"total":1,"covered":0,"skipped":0,"pct":0}}
,"C:\\Users\\Ahmed\\Downloads\\BelatedElasticLoop\\artifacts\\ecg-insight\\components\\ecg\\viewer\\useEcgEnterpriseViewerState.ts": {"lines":{"total":94,"covered":0,"skipped":0,"pct":0},"functions":{"total":1,"covered":0,"skipped":0,"pct":0},"statements":{"total":94,"covered":0,"skipped":0,"pct":0},"branches":{"total":1,"covered":0,"skipped":0,"pct":0}}
,"C:\\Users\\Ahmed\\Downloads\\BelatedElasticLoop\\artifacts\\ecg-insight\\components\\ecg\\viewer\\useEcgLiveMonitorEngine.ts": {"lines":{"total":38,"covered":0,"skipped":0,"pct":0},"functions":{"total":1,"covered":0,"skipped":0,"pct":0},"statements":{"total":38,"covered":0,"skipped":0,"pct":0},"branches":{"total":1,"covered":0,"skipped":0,"pct":0}}
,"C:\\Users\\Ahmed\\Downloads\\BelatedElasticLoop\\artifacts\\ecg-insight\\components\\ecg\\viewer\\useEcgLiveMonitorShortcuts.ts": {"lines":{"total":80,"covered":0,"skipped":0,"pct":0},"functions":{"total":1,"covered":0,"skipped":0,"pct":0},"statements":{"total":80,"covered":0,"skipped":0,"pct":0},"branches":{"total":1,"covered":0,"skipped":0,"pct":0}}
,"C:\\Users\\Ahmed\\Downloads\\BelatedElasticLoop\\artifacts\\ecg-insight\\components\\ecg\\viewer\\useEcgMeasurementWorkspace.ts": {"lines":{"total":715,"covered":0,"skipped":0,"pct":0},"functions":{"total":1,"covered":0,"skipped":0,"pct":0},"statements":{"total":715,"covered":0,"skipped":0,"pct":0},"branches":{"total":1,"covered":0,"skipped":0,"pct":0}}
,"C:\\Users\\Ahmed\\Downloads\\BelatedElasticLoop\\artifacts\\ecg-insight\\components\\ecg\\viewer\\useEcgViewerControls.ts": {"lines":{"total":249,"covered":0,"skipped":0,"pct":0},"functions":{"total":1,"covered":0,"skipped":0,"pct":0},"statements":{"total":249,"covered":0,"skipped":0,"pct":0},"branches":{"total":1,"covered":0,"skipped":0,"pct":0}}
,"C:\\Users\\Ahmed\\Downloads\\BelatedElasticLoop\\artifacts\\ecg-insight\\components\\ecg\\viewer\\useEcgViewerPersistence.ts": {"lines":{"total":63,"covered":21,"skipped":0,"pct":33.33},"functions":{"total":4,"covered":3,"skipped":0,"pct":75},"statements":{"total":63,"covered":21,"skipped":0,"pct":33.33},"branches":{"total":5,"covered":4,"skipped":0,"pct":80}}
,"C:\\Users\\Ahmed\\Downloads\\BelatedElasticLoop\\artifacts\\ecg-insight\\components\\ecg\\viewer\\useEcgWaveformPlayback.ts": {"lines":{"total":52,"covered":0,"skipped":0,"pct":0},"functions":{"total":1,"covered":0,"skipped":0,"pct":0},"statements":{"total":52,"covered":0,"skipped":0,"pct":0},"branches":{"total":1,"covered":0,"skipped":0,"pct":0}}
,"C:\\Users\\Ahmed\\Downloads\\BelatedElasticLoop\\artifacts\\ecg-insight\\components\\ecg\\viewer\\useEcgWorkspaceCaseResolver.ts": {"lines":{"total":56,"covered":0,"skipped":0,"pct":0},"functions":{"total":1,"covered":0,"skipped":0,"pct":0},"statements":{"total":56,"covered":0,"skipped":0,"pct":0},"branches":{"total":1,"covered":0,"skipped":0,"pct":0}}
,"C:\\Users\\Ahmed\\Downloads\\BelatedElasticLoop\\artifacts\\ecg-insight\\components\\ecg\\viewer\\useEcgWorkstationShortcuts.ts": {"lines":{"total":115,"covered":0,"skipped":0,"pct":0},"functions":{"total":1,"covered":0,"skipped":0,"pct":0},"statements":{"total":115,"covered":0,"skipped":0,"pct":0},"branches":{"total":1,"covered":0,"skipped":0,"pct":0}}
,"C:\\Users\\Ahmed\\Downloads\\BelatedElasticLoop\\artifacts\\ecg-insight\\components\\ecg\\viewer\\useEnterpriseStatusMetrics.ts": {"lines":{"total":77,"covered":0,"skipped":0,"pct":0},"functions":{"total":1,"covered":0,"skipped":0,"pct":0},"statements":{"total":77,"covered":0,"skipped":0,"pct":0},"branches":{"total":1,"covered":0,"skipped":0,"pct":0}}
,"C:\\Users\\Ahmed\\Downloads\\BelatedElasticLoop\\artifacts\\ecg-insight\\components\\ecg\\viewer\\useHistoryStack.ts": {"lines":{"total":76,"covered":73,"skipped":0,"pct":96.05},"functions":{"total":1,"covered":1,"skipped":0,"pct":100},"statements":{"total":76,"covered":73,"skipped":0,"pct":96.05},"branches":{"total":17,"covered":13,"skipped":0,"pct":76.47}}
,"C:\\Users\\Ahmed\\Downloads\\BelatedElasticLoop\\artifacts\\ecg-insight\\components\\ecg\\viewer\\useViewerRuntimeMetrics.ts": {"lines":{"total":44,"covered":0,"skipped":0,"pct":0},"functions":{"total":1,"covered":0,"skipped":0,"pct":0},"statements":{"total":44,"covered":0,"skipped":0,"pct":0},"branches":{"total":1,"covered":0,"skipped":0,"pct":0}}
,"C:\\Users\\Ahmed\\Downloads\\BelatedElasticLoop\\artifacts\\ecg-insight\\components\\ecg\\viewer\\ai-cardiologist\\buildCardiologistModel.ts": {"lines":{"total":287,"covered":199,"skipped":0,"pct":69.33},"functions":{"total":8,"covered":6,"skipped":0,"pct":75},"statements":{"total":287,"covered":199,"skipped":0,"pct":69.33},"branches":{"total":183,"covered":117,"skipped":0,"pct":63.93}}
,"C:\\Users\\Ahmed\\Downloads\\BelatedElasticLoop\\artifacts\\ecg-insight\\components\\ecg\\viewer\\ai-cardiologist\\diagnosisLeadMap.ts": {"lines":{"total":118,"covered":110,"skipped":0,"pct":93.22},"functions":{"total":3,"covered":3,"skipped":0,"pct":100},"statements":{"total":118,"covered":110,"skipped":0,"pct":93.22},"branches":{"total":39,"covered":28,"skipped":0,"pct":71.79}}
,"C:\\Users\\Ahmed\\Downloads\\BelatedElasticLoop\\artifacts\\ecg-insight\\components\\ecg\\viewer\\clinical-visualization\\aiVisualization.ts": {"lines":{"total":39,"covered":0,"skipped":0,"pct":0},"functions":{"total":1,"covered":1,"skipped":0,"pct":100},"statements":{"total":39,"covered":0,"skipped":0,"pct":0},"branches":{"total":1,"covered":1,"skipped":0,"pct":100}}
,"C:\\Users\\Ahmed\\Downloads\\BelatedElasticLoop\\artifacts\\ecg-insight\\components\\ecg\\viewer\\clinical-visualization\\clinicalTimeline.ts": {"lines":{"total":39,"covered":0,"skipped":0,"pct":0},"functions":{"total":1,"covered":1,"skipped":0,"pct":100},"statements":{"total":39,"covered":0,"skipped":0,"pct":0},"branches":{"total":1,"covered":1,"skipped":0,"pct":100}}
,"C:\\Users\\Ahmed\\Downloads\\BelatedElasticLoop\\artifacts\\ecg-insight\\components\\ecg\\viewer\\clinical-visualization\\crosshairTelemetry.ts": {"lines":{"total":36,"covered":0,"skipped":0,"pct":0},"functions":{"total":1,"covered":1,"skipped":0,"pct":100},"statements":{"total":36,"covered":0,"skipped":0,"pct":0},"branches":{"total":1,"covered":1,"skipped":0,"pct":100}}
,"C:\\Users\\Ahmed\\Downloads\\BelatedElasticLoop\\artifacts\\ecg-insight\\components\\ecg\\viewer\\clinical-visualization\\gridPresets.ts": {"lines":{"total":54,"covered":54,"skipped":0,"pct":100},"functions":{"total":2,"covered":2,"skipped":0,"pct":100},"statements":{"total":54,"covered":54,"skipped":0,"pct":100},"branches":{"total":4,"covered":4,"skipped":0,"pct":100}}
,"C:\\Users\\Ahmed\\Downloads\\BelatedElasticLoop\\artifacts\\ecg-insight\\components\\ecg\\viewer\\clinical-visualization\\leadFocus.ts": {"lines":{"total":30,"covered":30,"skipped":0,"pct":100},"functions":{"total":2,"covered":2,"skipped":0,"pct":100},"statements":{"total":30,"covered":30,"skipped":0,"pct":100},"branches":{"total":11,"covered":10,"skipped":0,"pct":90.9}}
,"C:\\Users\\Ahmed\\Downloads\\BelatedElasticLoop\\artifacts\\ecg-insight\\components\\ecg\\viewer\\clinical-visualization\\signalQuality.ts": {"lines":{"total":38,"covered":36,"skipped":0,"pct":94.73},"functions":{"total":3,"covered":3,"skipped":0,"pct":100},"statements":{"total":38,"covered":36,"skipped":0,"pct":94.73},"branches":{"total":27,"covered":21,"skipped":0,"pct":77.77}}
,"C:\\Users\\Ahmed\\Downloads\\BelatedElasticLoop\\artifacts\\ecg-insight\\components\\ecg\\viewer\\clinical-visualization\\waveformStyle.ts": {"lines":{"total":26,"covered":26,"skipped":0,"pct":100},"functions":{"total":2,"covered":2,"skipped":0,"pct":100},"statements":{"total":26,"covered":26,"skipped":0,"pct":100},"branches":{"total":20,"covered":18,"skipped":0,"pct":90}}
,"C:\\Users\\Ahmed\\Downloads\\BelatedElasticLoop\\artifacts\\ecg-insight\\components\\ecg\\viewer\\clinical-visualization\\zoomPanEngine.ts": {"lines":{"total":26,"covered":26,"skipped":0,"pct":100},"functions":{"total":6,"covered":6,"skipped":0,"pct":100},"statements":{"total":26,"covered":26,"skipped":0,"pct":100},"branches":{"total":10,"covered":10,"skipped":0,"pct":100}}
,"C:\\Users\\Ahmed\\Downloads\\BelatedElasticLoop\\artifacts\\ecg-insight\\components\\ecg\\viewer\\clinical-workflow\\alerts.ts": {"lines":{"total":67,"covered":47,"skipped":0,"pct":70.14},"functions":{"total":2,"covered":2,"skipped":0,"pct":100},"statements":{"total":67,"covered":47,"skipped":0,"pct":70.14},"branches":{"total":32,"covered":24,"skipped":0,"pct":75}}
,"C:\\Users\\Ahmed\\Downloads\\BelatedElasticLoop\\artifacts\\ecg-insight\\components\\ecg\\viewer\\clinical-workflow\\engine.ts": {"lines":{"total":192,"covered":148,"skipped":0,"pct":77.08},"functions":{"total":11,"covered":9,"skipped":0,"pct":81.81},"statements":{"total":192,"covered":148,"skipped":0,"pct":77.08},"branches":{"total":105,"covered":67,"skipped":0,"pct":63.8}}
,"C:\\Users\\Ahmed\\Downloads\\BelatedElasticLoop\\artifacts\\ecg-insight\\components\\ecg\\viewer\\rendering-engine\\benchmark.ts": {"lines":{"total":55,"covered":0,"skipped":0,"pct":0},"functions":{"total":1,"covered":1,"skipped":0,"pct":100},"statements":{"total":55,"covered":0,"skipped":0,"pct":0},"branches":{"total":1,"covered":1,"skipped":0,"pct":100}}
,"C:\\Users\\Ahmed\\Downloads\\BelatedElasticLoop\\artifacts\\ecg-insight\\components\\ecg\\viewer\\rendering-engine\\canvas2dRenderer.ts": {"lines":{"total":111,"covered":0,"skipped":0,"pct":0},"functions":{"total":1,"covered":0,"skipped":0,"pct":0},"statements":{"total":111,"covered":0,"skipped":0,"pct":0},"branches":{"total":1,"covered":0,"skipped":0,"pct":0}}
,"C:\\Users\\Ahmed\\Downloads\\BelatedElasticLoop\\artifacts\\ecg-insight\\components\\ecg\\viewer\\rendering-engine\\dirtyRect.ts": {"lines":{"total":62,"covered":56,"skipped":0,"pct":90.32},"functions":{"total":9,"covered":8,"skipped":0,"pct":88.88},"statements":{"total":62,"covered":56,"skipped":0,"pct":90.32},"branches":{"total":20,"covered":18,"skipped":0,"pct":90}}
,"C:\\Users\\Ahmed\\Downloads\\BelatedElasticLoop\\artifacts\\ecg-insight\\components\\ecg\\viewer\\rendering-engine\\gridRenderer.ts": {"lines":{"total":67,"covered":0,"skipped":0,"pct":0},"functions":{"total":1,"covered":0,"skipped":0,"pct":0},"statements":{"total":67,"covered":0,"skipped":0,"pct":0},"branches":{"total":1,"covered":0,"skipped":0,"pct":0}}
,"C:\\Users\\Ahmed\\Downloads\\BelatedElasticLoop\\artifacts\\ecg-insight\\components\\ecg\\viewer\\rendering-engine\\interaction.ts": {"lines":{"total":60,"covered":60,"skipped":0,"pct":100},"functions":{"total":9,"covered":9,"skipped":0,"pct":100},"statements":{"total":60,"covered":60,"skipped":0,"pct":100},"branches":{"total":21,"covered":19,"skipped":0,"pct":90.47}}
,"C:\\Users\\Ahmed\\Downloads\\BelatedElasticLoop\\artifacts\\ecg-insight\\components\\ecg\\viewer\\rendering-engine\\metrics.ts": {"lines":{"total":60,"covered":0,"skipped":0,"pct":0},"functions":{"total":1,"covered":1,"skipped":0,"pct":100},"statements":{"total":60,"covered":0,"skipped":0,"pct":0},"branches":{"total":1,"covered":1,"skipped":0,"pct":100}}
,"C:\\Users\\Ahmed\\Downloads\\BelatedElasticLoop\\artifacts\\ecg-insight\\components\\ecg\\viewer\\rendering-engine\\pipeline.ts": {"lines":{"total":147,"covered":0,"skipped":0,"pct":0},"functions":{"total":1,"covered":1,"skipped":0,"pct":100},"statements":{"total":147,"covered":0,"skipped":0,"pct":0},"branches":{"total":1,"covered":1,"skipped":0,"pct":100}}
,"C:\\Users\\Ahmed\\Downloads\\BelatedElasticLoop\\artifacts\\ecg-insight\\components\\ecg\\viewer\\rendering-engine\\renderLoop.ts": {"lines":{"total":74,"covered":0,"skipped":0,"pct":0},"functions":{"total":1,"covered":0,"skipped":0,"pct":0},"statements":{"total":74,"covered":0,"skipped":0,"pct":0},"branches":{"total":1,"covered":0,"skipped":0,"pct":0}}
,"C:\\Users\\Ahmed\\Downloads\\BelatedElasticLoop\\artifacts\\ecg-insight\\components\\ecg\\viewer\\rendering-engine\\svgRenderer.ts": {"lines":{"total":64,"covered":0,"skipped":0,"pct":0},"functions":{"total":1,"covered":1,"skipped":0,"pct":100},"statements":{"total":64,"covered":0,"skipped":0,"pct":0},"branches":{"total":1,"covered":1,"skipped":0,"pct":100}}
,"C:\\Users\\Ahmed\\Downloads\\BelatedElasticLoop\\artifacts\\ecg-insight\\components\\ecg\\viewer\\rendering-engine\\twelveLeadLayout.ts": {"lines":{"total":48,"covered":38,"skipped":0,"pct":79.16},"functions":{"total":4,"covered":4,"skipped":0,"pct":100},"statements":{"total":48,"covered":38,"skipped":0,"pct":79.16},"branches":{"total":11,"covered":8,"skipped":0,"pct":72.72}}
,"C:\\Users\\Ahmed\\Downloads\\BelatedElasticLoop\\artifacts\\ecg-insight\\components\\ecg\\viewer\\rendering-engine\\vectorModel.ts": {"lines":{"total":89,"covered":89,"skipped":0,"pct":100},"functions":{"total":7,"covered":7,"skipped":0,"pct":100},"statements":{"total":89,"covered":89,"skipped":0,"pct":100},"branches":{"total":24,"covered":17,"skipped":0,"pct":70.83}}
,"C:\\Users\\Ahmed\\Downloads\\BelatedElasticLoop\\artifacts\\ecg-insight\\components\\ecg\\viewer\\rendering-engine\\viewport.ts": {"lines":{"total":75,"covered":73,"skipped":0,"pct":97.33},"functions":{"total":10,"covered":10,"skipped":0,"pct":100},"statements":{"total":75,"covered":73,"skipped":0,"pct":97.33},"branches":{"total":17,"covered":12,"skipped":0,"pct":70.58}}
,"C:\\Users\\Ahmed\\Downloads\\BelatedElasticLoop\\artifacts\\ecg-insight\\components\\ecg\\viewer\\rendering-engine\\webglRenderer.ts": {"lines":{"total":81,"covered":0,"skipped":0,"pct":0},"functions":{"total":1,"covered":1,"skipped":0,"pct":100},"statements":{"total":81,"covered":0,"skipped":0,"pct":0},"branches":{"total":1,"covered":1,"skipped":0,"pct":100}}
,"C:\\Users\\Ahmed\\Downloads\\BelatedElasticLoop\\artifacts\\ecg-insight\\hooks\\useAuthOAuthProviders.ts": {"lines":{"total":49,"covered":0,"skipped":0,"pct":0},"functions":{"total":1,"covered":0,"skipped":0,"pct":0},"statements":{"total":49,"covered":0,"skipped":0,"pct":0},"branches":{"total":1,"covered":0,"skipped":0,"pct":0}}
,"C:\\Users\\Ahmed\\Downloads\\BelatedElasticLoop\\artifacts\\ecg-insight\\hooks\\useColors.ts": {"lines":{"total":40,"covered":0,"skipped":0,"pct":0},"functions":{"total":1,"covered":0,"skipped":0,"pct":0},"statements":{"total":40,"covered":0,"skipped":0,"pct":0},"branches":{"total":1,"covered":0,"skipped":0,"pct":0}}
,"C:\\Users\\Ahmed\\Downloads\\BelatedElasticLoop\\artifacts\\ecg-insight\\hooks\\useMobileSync.ts": {"lines":{"total":44,"covered":0,"skipped":0,"pct":0},"functions":{"total":1,"covered":0,"skipped":0,"pct":0},"statements":{"total":44,"covered":0,"skipped":0,"pct":0},"branches":{"total":1,"covered":0,"skipped":0,"pct":0}}
,"C:\\Users\\Ahmed\\Downloads\\BelatedElasticLoop\\artifacts\\ecg-insight\\hooks\\useOfflineCache.ts": {"lines":{"total":35,"covered":0,"skipped":0,"pct":0},"functions":{"total":1,"covered":0,"skipped":0,"pct":0},"statements":{"total":35,"covered":0,"skipped":0,"pct":0},"branches":{"total":1,"covered":0,"skipped":0,"pct":0}}
,"C:\\Users\\Ahmed\\Downloads\\BelatedElasticLoop\\server\\src\\modules\\medical-intelligence\\medical-intelligence.routes.ts": {"lines":{"total":127,"covered":0,"skipped":0,"pct":0},"functions":{"total":1,"covered":0,"skipped":0,"pct":0},"statements":{"total":127,"covered":0,"skipped":0,"pct":0},"branches":{"total":1,"covered":0,"skipped":0,"pct":0}}
,"C:\\Users\\Ahmed\\Downloads\\BelatedElasticLoop\\server\\src\\modules\\medical-intelligence\\medical-intelligence.schemas.ts": {"lines":{"total":50,"covered":0,"skipped":0,"pct":0},"functions":{"total":1,"covered":0,"skipped":0,"pct":0},"statements":{"total":50,"covered":0,"skipped":0,"pct":0},"branches":{"total":1,"covered":0,"skipped":0,"pct":0}}
,"C:\\Users\\Ahmed\\Downloads\\BelatedElasticLoop\\server\\src\\modules\\medical-intelligence\\orchestrator.ts": {"lines":{"total":40,"covered":0,"skipped":0,"pct":0},"functions":{"total":1,"covered":0,"skipped":0,"pct":0},"statements":{"total":40,"covered":0,"skipped":0,"pct":0},"branches":{"total":1,"covered":0,"skipped":0,"pct":0}}
,"C:\\Users\\Ahmed\\Downloads\\BelatedElasticLoop\\server\\src\\modules\\medical-intelligence\\persist.ts": {"lines":{"total":98,"covered":0,"skipped":0,"pct":0},"functions":{"total":1,"covered":1,"skipped":0,"pct":100},"statements":{"total":98,"covered":0,"skipped":0,"pct":0},"branches":{"total":1,"covered":1,"skipped":0,"pct":100}}
,"C:\\Users\\Ahmed\\Downloads\\BelatedElasticLoop\\server\\src\\modules\\medical-intelligence\\confidence\\engine.ts": {"lines":{"total":83,"covered":81,"skipped":0,"pct":97.59},"functions":{"total":4,"covered":4,"skipped":0,"pct":100},"statements":{"total":83,"covered":81,"skipped":0,"pct":97.59},"branches":{"total":24,"covered":17,"skipped":0,"pct":70.83}}
,"C:\\Users\\Ahmed\\Downloads\\BelatedElasticLoop\\server\\src\\modules\\medical-intelligence\\differential\\engine.ts": {"lines":{"total":107,"covered":0,"skipped":0,"pct":0},"functions":{"total":1,"covered":0,"skipped":0,"pct":0},"statements":{"total":107,"covered":0,"skipped":0,"pct":0},"branches":{"total":1,"covered":0,"skipped":0,"pct":0}}
,"C:\\Users\\Ahmed\\Downloads\\BelatedElasticLoop\\server\\src\\modules\\medical-intelligence\\explainability\\engine.ts": {"lines":{"total":132,"covered":0,"skipped":0,"pct":0},"functions":{"total":1,"covered":0,"skipped":0,"pct":0},"statements":{"total":132,"covered":0,"skipped":0,"pct":0},"branches":{"total":1,"covered":0,"skipped":0,"pct":0}}
,"C:\\Users\\Ahmed\\Downloads\\BelatedElasticLoop\\server\\src\\modules\\medical-intelligence\\knowledge-base\\diagnosis-factory.ts": {"lines":{"total":379,"covered":0,"skipped":0,"pct":0},"functions":{"total":1,"covered":1,"skipped":0,"pct":100},"statements":{"total":379,"covered":0,"skipped":0,"pct":0},"branches":{"total":1,"covered":1,"skipped":0,"pct":100}}
,"C:\\Users\\Ahmed\\Downloads\\BelatedElasticLoop\\server\\src\\modules\\medical-intelligence\\recommendations\\engine.ts": {"lines":{"total":126,"covered":0,"skipped":0,"pct":0},"functions":{"total":1,"covered":1,"skipped":0,"pct":100},"statements":{"total":126,"covered":0,"skipped":0,"pct":0},"branches":{"total":1,"covered":1,"skipped":0,"pct":100}}
,"C:\\Users\\Ahmed\\Downloads\\BelatedElasticLoop\\server\\src\\modules\\medical-intelligence\\report\\engine.ts": {"lines":{"total":115,"covered":0,"skipped":0,"pct":0},"functions":{"total":1,"covered":1,"skipped":0,"pct":100},"statements":{"total":115,"covered":0,"skipped":0,"pct":0},"branches":{"total":1,"covered":1,"skipped":0,"pct":100}}
,"C:\\Users\\Ahmed\\Downloads\\BelatedElasticLoop\\server\\src\\modules\\medical-intelligence\\rule-engine\\rules.ts": {"lines":{"total":315,"covered":0,"skipped":0,"pct":0},"functions":{"total":1,"covered":1,"skipped":0,"pct":100},"statements":{"total":315,"covered":0,"skipped":0,"pct":0},"branches":{"total":1,"covered":1,"skipped":0,"pct":100}}
}
